2020-03-04 00:49:26.060 ERROR 25032 --- [main] o.s.b.c.l.LoggingApplicationListener     : Cannot set level: INFO  for 'org.springframework'
2020-03-04 00:49:26.098 ERROR 25032 --- [main] o.s.b.c.l.LoggingApplicationListener     : Cannot set level: DEBUG,ERROR for 'com.logParser'
2020-03-04 00:49:26.291  INFO 25032 --- [main] c.l.Parser.SpringBootParserApplication   : Starting SpringBootParserApplication on Vinay-Laptop with PID 25032 (D:\Workspace\Parser\target\classes started by Vinay in D:\Workspace\Parser)
2020-03-04 00:49:26.292  INFO 25032 --- [main] c.l.Parser.SpringBootParserApplication   : No active profile set, falling back to default profiles: default
2020-03-04 00:49:26.392  INFO 25032 --- [main] ConfigServletWebServerApplicationContext : Refreshing org.springframework.boot.web.servlet.context.AnnotationConfigServletWebServerApplicationContext@7f1302d6: startup date [Wed Mar 04 00:49:26 IST 2020]; root of context hierarchy
2020-03-04 00:49:29.285  INFO 25032 --- [main] o.s.b.w.embedded.tomcat.TomcatWebServer  : Tomcat initialized with port(s): 8080 (http)
2020-03-04 00:49:29.319  INFO 25032 --- [main] o.apache.catalina.core.StandardService   : Starting service [Tomcat]
2020-03-04 00:49:29.320  INFO 25032 --- [main] org.apache.catalina.core.StandardEngine  : Starting Servlet Engine: Apache Tomcat/8.5.32
2020-03-04 00:49:29.335  INFO 25032 --- [localhost-startStop-1] o.a.catalina.core.AprLifecycleListener   : The APR based Apache Tomcat Native library which allows optimal performance in production environments was not found on the java.library.path: [C:\Program Files\Java\jdk1.8.0_201\bin;C:\windows\Sun\Java\bin;C:\windows\system32;C:\windows;C:/Program Files/Java/jre1.8.0_211/bin/server;C:/Program Files/Java/jre1.8.0_211/bin;C:/Program Files/Java/jre1.8.0_211/lib/amd64;C:\Program Files (x86)\Common Files\Oracle\Java\javapath;C:\windows\system32;C:\windows;C:\windows\System32\Wbem;C:\windows\System32\WindowsPowerShell\v1.0\;C:\windows\System32\OpenSSH\;C:\Program Files (x86)\HP\Common\HPDestPlgIn\;C:\Program Files\Git\cmd;C:\Users\Vinay\AppData\Local\Microsoft\WindowsApps;C:\Program Files (x86)\HP\Common\HPDestPlgIn\;C:\Program Files\Docker Toolbox;D:\Softwares\apache-maven-3.6.3;;D:\eclipse;;.]
2020-03-04 00:49:29.529  INFO 25032 --- [localhost-startStop-1] o.a.c.c.C.[Tomcat].[localhost].[/]       : Initializing Spring embedded WebApplicationContext
2020-03-04 00:49:29.529  INFO 25032 --- [localhost-startStop-1] o.s.web.context.ContextLoader            : Root WebApplicationContext: initialization completed in 3138 ms
2020-03-04 00:49:29.625  INFO 25032 --- [localhost-startStop-1] o.s.b.w.servlet.ServletRegistrationBean  : Servlet dispatcherServlet mapped to [/]
2020-03-04 00:49:29.632  INFO 25032 --- [localhost-startStop-1] o.s.b.w.servlet.FilterRegistrationBean   : Mapping filter: 'characterEncodingFilter' to: [/*]
2020-03-04 00:49:29.634  INFO 25032 --- [localhost-startStop-1] o.s.b.w.servlet.FilterRegistrationBean   : Mapping filter: 'hiddenHttpMethodFilter' to: [/*]
2020-03-04 00:49:29.636  INFO 25032 --- [localhost-startStop-1] o.s.b.w.servlet.FilterRegistrationBean   : Mapping filter: 'httpPutFormContentFilter' to: [/*]
2020-03-04 00:49:29.639  INFO 25032 --- [localhost-startStop-1] o.s.b.w.servlet.FilterRegistrationBean   : Mapping filter: 'requestContextFilter' to: [/*]
2020-03-04 00:49:29.853  INFO 25032 --- [main] o.s.w.s.handler.SimpleUrlHandlerMapping  : Mapped URL path [/**/favicon.ico] onto handler of type [class org.springframework.web.servlet.resource.ResourceHttpRequestHandler]
2020-03-04 00:49:30.169  INFO 25032 --- [main] s.w.s.m.m.a.RequestMappingHandlerAdapter : Looking for @ControllerAdvice: org.springframework.boot.web.servlet.context.AnnotationConfigServletWebServerApplicationContext@7f1302d6: startup date [Wed Mar 04 00:49:26 IST 2020]; root of context hierarchy
2020-03-04 00:49:30.276  INFO 25032 --- [main] s.w.s.m.m.a.RequestMappingHandlerMapping : Mapped "{[/getFailedRequests],methods=[GET],produces=[application/json]}" onto public java.lang.String com.logParser.Parser.controller.ParserController.getFailedRequests()
2020-03-04 00:49:30.278  INFO 25032 --- [main] s.w.s.m.m.a.RequestMappingHandlerMapping : Mapped "{[/getAverageResponseTime],methods=[GET],produces=[application/json]}" onto public java.lang.Double com.logParser.Parser.controller.ParserController.getAverageResponseTime()
2020-03-04 00:49:30.279  INFO 25032 --- [main] s.w.s.m.m.a.RequestMappingHandlerMapping : Mapped "{[/get99Percentile],methods=[GET],produces=[application/json]}" onto public double com.logParser.Parser.controller.ParserController.get99Percentile()
2020-03-04 00:49:30.279  INFO 25032 --- [main] s.w.s.m.m.a.RequestMappingHandlerMapping : Mapped "{[/get95Percentile],methods=[GET],produces=[application/json]}" onto public double com.logParser.Parser.controller.ParserController.get95Percentile()
2020-03-04 00:49:30.280  INFO 25032 --- [main] s.w.s.m.m.a.RequestMappingHandlerMapping : Mapped "{[/getTotalRequests],methods=[GET],produces=[application/json]}" onto public java.lang.String com.logParser.Parser.controller.ParserController.getTotalRequests()
2020-03-04 00:49:30.293  INFO 25032 --- [main] s.w.s.m.m.a.RequestMappingHandlerMapping : Mapped "{[/error]}" onto public org.springframework.http.ResponseEntity<java.util.Map<java.lang.String, java.lang.Object>> org.springframework.boot.autoconfigure.web.servlet.error.BasicErrorController.error(javax.servlet.http.HttpServletRequest)
2020-03-04 00:49:30.294  INFO 25032 --- [main] s.w.s.m.m.a.RequestMappingHandlerMapping : Mapped "{[/error],produces=[text/html]}" onto public org.springframework.web.servlet.ModelAndView org.springframework.boot.autoconfigure.web.servlet.error.BasicErrorController.errorHtml(javax.servlet.http.HttpServletRequest,javax.servlet.http.HttpServletResponse)
2020-03-04 00:49:30.328  INFO 25032 --- [main] o.s.w.s.handler.SimpleUrlHandlerMapping  : Mapped URL path [/webjars/**] onto handler of type [class org.springframework.web.servlet.resource.ResourceHttpRequestHandler]
2020-03-04 00:49:30.328  INFO 25032 --- [main] o.s.w.s.handler.SimpleUrlHandlerMapping  : Mapped URL path [/**] onto handler of type [class org.springframework.web.servlet.resource.ResourceHttpRequestHandler]
2020-03-04 00:49:30.562  INFO 25032 --- [main] o.s.j.e.a.AnnotationMBeanExporter        : Registering beans for JMX exposure on startup
2020-03-04 00:49:30.637  INFO 25032 --- [main] o.s.b.w.embedded.tomcat.TomcatWebServer  : Tomcat started on port(s): 8080 (http) with context path ''
2020-03-04 00:49:30.639  INFO 25032 --- [main] c.l.Parser.SpringBootParserApplication   : Started SpringBootParserApplication in 5.103 seconds (JVM running for 5.829)
2020-03-04 00:49:36.652  INFO 25032 --- [http-nio-8080-exec-1] o.a.c.c.C.[Tomcat].[localhost].[/]       : Initializing Spring FrameworkServlet 'dispatcherServlet'
2020-03-04 00:49:36.652  INFO 25032 --- [http-nio-8080-exec-1] o.s.web.servlet.DispatcherServlet        : FrameworkServlet 'dispatcherServlet': initialization started
2020-03-04 00:49:36.688  INFO 25032 --- [http-nio-8080-exec-1] o.s.web.servlet.DispatcherServlet        : FrameworkServlet 'dispatcherServlet': initialization completed in 36 ms
